<?xml version="1.0" encoding="UTF-8"?>
<!-- Generated by org.testng.reporters.JUnitXMLReporter -->
<testsuite hostname="ASI-INA94109YD" name="WWT SCM External User" tests="1" failures="1" timestamp="24 Oct 2013 12:37:19 GMT" time="78.622" errors="0">
  <testcase name="LineAndDetailDisplay_1_14" time="56.222" classname="com.wwt.scm.TestNG_SearchFilterDriver_1">
    <failure type="net.sf.cglib.core.CodeGenerationException" message="java.lang.IllegalAccessException--&amp;gt;Class org.openqa.selenium.remote.Augmenter$CompoundHandler can not access a member of class org.openqa.selenium.firefox.FirefoxDriver with modifiers &amp;quot;protected&amp;quot;">
      <![CDATA[net.sf.cglib.core.CodeGenerationException: java.lang.IllegalAccessException-->Class org.openqa.selenium.remote.Augmenter$CompoundHandler can not access a member of class org.openqa.selenium.firefox.FirefoxDriver with modifiers "protected"
	at net.sf.cglib.core.ReflectUtils.newInstance(ReflectUtils.java:235)
	at net.sf.cglib.core.ReflectUtils.newInstance(ReflectUtils.java:220)
	at net.sf.cglib.core.ReflectUtils.newInstance(ReflectUtils.java:216)
	at net.sf.cglib.proxy.Enhancer.createUsingReflection(Enhancer.java:640)
	at net.sf.cglib.proxy.Enhancer.firstInstance(Enhancer.java:538)
	at net.sf.cglib.core.AbstractClassGenerator.create(AbstractClassGenerator.java:225)
	at net.sf.cglib.proxy.Enhancer.createHelper(Enhancer.java:377)
	at net.sf.cglib.proxy.Enhancer.create(Enhancer.java:285)
	at org.openqa.selenium.remote.Augmenter.create(Augmenter.java:237)
	at org.openqa.selenium.remote.Augmenter.augment(Augmenter.java:130)
	at com.wwt.scm.CommonUtilLibrary.screenCapture(CommonUtilLibrary.java:34)
	at com.wwt.scm.TestNG_SearchFilterDriver_1.LineAndDetailDisplay_1_14(TestNG_SearchFilterDriver_1.java:2444)
	at java.util.concurrent.FutureTask$Sync.innerRun(FutureTask.java:334)
	at java.util.concurrent.FutureTask.run(FutureTask.java:166)
	at java.util.concurrent.ThreadPoolExecutor.runWorker(ThreadPoolExecutor.java:1145)
	at java.util.concurrent.ThreadPoolExecutor$Worker.run(ThreadPoolExecutor.java:615)
	at java.lang.Thread.run(Thread.java:724)
Caused by: java.lang.IllegalAccessException: Class org.openqa.selenium.remote.Augmenter$CompoundHandler can not access a member of class org.openqa.selenium.firefox.FirefoxDriver with modifiers "protected"
	at org.openqa.selenium.remote.Augmenter$CompoundHandler.intercept(Augmenter.java:280)
	at org.openqa.selenium.firefox.FirefoxDriver$$EnhancerByCGLIB$$2c505e75.startClient(<generated>)
	at org.openqa.selenium.remote.RemoteWebDriver.<init>(RemoteWebDriver.java:110)
	at org.openqa.selenium.firefox.FirefoxDriver.<init>(FirefoxDriver.java:197)
	at org.openqa.selenium.firefox.FirefoxDriver.<init>(FirefoxDriver.java:190)
	at org.openqa.selenium.firefox.FirefoxDriver.<init>(FirefoxDriver.java:186)
	at org.openqa.selenium.firefox.FirefoxDriver.<init>(FirefoxDriver.java:99)
	at org.openqa.selenium.firefox.FirefoxDriver$$EnhancerByCGLIB$$2c505e75.<init>(<generated>)
	at net.sf.cglib.core.ReflectUtils.newInstance(ReflectUtils.java:228)
	... 32 more
... Removed 24 stack frames]]>
    </failure>
  </testcase> <!-- LineAndDetailDisplay_1_14 -->
</testsuite> <!-- WWT SCM External User -->
