<?xml version="1.0" encoding="UTF-8"?>
<!-- Generated by org.testng.reporters.JUnitXMLReporter -->
<testsuite hostname="ASI-INA94109YD" name="WWT SCM TestNG_ExtUserSearchFilterDriver" tests="7" failures="1" timestamp="4 Oct 2013 10:29:28 GMT" time="310.055" errors="0">
  <testcase name="SearchAndFilter_24_0" time="25.264" classname="com.wwt.scm.TestNG_ExtUserSearchFilterDriver"/>
  <testcase name="SearchAndFilter_24_1" time="23.419" classname="com.wwt.scm.TestNG_ExtUserSearchFilterDriver"/>
  <testcase name="SearchAndFilter_24_2" time="37.131" classname="com.wwt.scm.TestNG_ExtUserSearchFilterDriver"/>
  <testcase name="SearchAndFilter_24_3" time="14.381" classname="com.wwt.scm.TestNG_ExtUserSearchFilterDriver"/>
  <testcase name="SearchAndFilter_24_4" time="64.371" classname="com.wwt.scm.TestNG_ExtUserSearchFilterDriver"/>
  <testcase name="SearchAndFilter_24_5" time="24.162" classname="com.wwt.scm.TestNG_ExtUserSearchFilterDriver">
    <failure type="java.lang.Exception" message="Output in Details page should only contain lines that have an End of Support date value. expected [false] but found [true]">
      <![CDATA[java.lang.Exception: Output in Details page should only contain lines that have an End of Support date value. expected [false] but found [true]
	at com.wwt.scm.TestNG_ExtUserSearchFilterDriver.SearchAndFilter_24_5(TestNG_ExtUserSearchFilterDriver.java:322)
	at java.util.concurrent.FutureTask$Sync.innerRun(FutureTask.java:334)
	at java.util.concurrent.FutureTask.run(FutureTask.java:166)
	at java.util.concurrent.ThreadPoolExecutor.runWorker(ThreadPoolExecutor.java:1145)
	at java.util.concurrent.ThreadPoolExecutor$Worker.run(ThreadPoolExecutor.java:615)
	at java.lang.Thread.run(Thread.java:724)
... Removed 16 stack frames]]>
    </failure>
  </testcase> <!-- SearchAndFilter_24_5 -->
  <testcase name="SearchAndFilter_24_6" time="48.713" classname="com.wwt.scm.TestNG_ExtUserSearchFilterDriver"/>
</testsuite> <!-- WWT SCM TestNG_ExtUserSearchFilterDriver -->
